<?xml version="1.0" encoding="UTF-8"?>
<!-- Generated by org.testng.reporters.JUnitReportReporter -->
<testsuite hostname="DEEPAK-LAPTOP" failures="0" tests="1" name="Utilites.RealExcel" time="0.748" errors="0" timestamp="2025-07-10T11:35:51 IST" skipped="0">
  <testcase classname="Utilites.RealExcel" name="loginExcelData" time="0.748"/>
</testsuite> <!-- Utilites.RealExcel -->
