<?xml version="1.0" encoding="UTF-8"?>
<!-- Generated by org.testng.reporters.JUnitReportReporter -->
<testsuite hostname="DEEPAK-LAPTOP" failures="0" tests="1" name="com.Parameters.ParaMeterXml" time="11.352" errors="0" timestamp="2025-07-09T13:16:10 IST" skipped="0">
  <testcase classname="com.Parameters.ParaMeterXml" name="logInDemoWebShop" time="11.352"/>
</testsuite> <!-- com.Parameters.ParaMeterXml -->
