<?xml version="1.0" encoding="UTF-8"?>
<!-- Generated by org.testng.reporters.JUnitReportReporter -->
<testsuite hostname="DEEPAK-LAPTOP" failures="0" tests="3" name="com.DataProvider.SimpleDataProvider" time="32.105" errors="0" timestamp="2025-07-10T11:13:44 IST" skipped="0">
  <testcase classname="com.DataProvider.SimpleDataProvider" name="logInDemoWebShop" time="9.698"/>
  <testcase classname="com.DataProvider.SimpleDataProvider" name="logInDemoWebShop" time="12.569"/>
  <testcase classname="com.DataProvider.SimpleDataProvider" name="logInDemoWebShop" time="9.838"/>
</testsuite> <!-- com.DataProvider.SimpleDataProvider -->
